<?xml version="1.0" encoding="UTF-8"?>
<testsuites>
  <testsuite name="Tests\Feature\PortalRoutesTest" file="D:\App_Project\Website_Ormawa\3\ormawa-unp-main\ormawa-unp-main\new\tests\Feature\PortalRoutesTest.php" tests="4" assertions="0" errors="4" failures="0" skipped="0" time="0.000000">
    <testcase name="test_home_page_scroll_snap" file="D:\App_Project\Website_Ormawa\3\ormawa-unp-main\ormawa-unp-main\new\tests\Feature\PortalRoutesTest.php" line="85" class="Tests\Feature\PortalRoutesTest" classname="Tests.Feature.PortalRoutesTest" assertions="0" time="0.000000">
      <error type="Illuminate\Contracts\Container\BindingResolutionException">Tests\Feature\PortalRoutesTest::test_home_page_scroll_snap&#13;
Illuminate\Contracts\Container\BindingResolutionException: Target class [Tests\Illuminate\Contracts\Console\Kernel] does not exist.
&#13;
D:\App_Project\Website_Ormawa\3\ormawa-unp-main\ormawa-unp-main\new\vendor\laravel\framework\src\Illuminate\Container\Container.php:961
D:\App_Project\Website_Ormawa\3\ormawa-unp-main\ormawa-unp-main\new\vendor\laravel\framework\src\Illuminate\Container\Container.php:832
D:\App_Project\Website_Ormawa\3\ormawa-unp-main\ormawa-unp-main\new\vendor\laravel\framework\src\Illuminate\Foundation\Application.php:1078
D:\App_Project\Website_Ormawa\3\ormawa-unp-main\ormawa-unp-main\new\vendor\laravel\framework\src\Illuminate\Container\Container.php:763
D:\App_Project\Website_Ormawa\3\ormawa-unp-main\ormawa-unp-main\new\vendor\laravel\framework\src\Illuminate\Foundation\Application.php:1058
D:\App_Project\Website_Ormawa\3\ormawa-unp-main\ormawa-unp-main\new\tests\TestCase.php:35
D:\App_Project\Website_Ormawa\3\ormawa-unp-main\ormawa-unp-main\new\vendor\laravel\framework\src\Illuminate\Foundation\Testing\TestCase.php:54
D:\App_Project\Website_Ormawa\3\ormawa-unp-main\ormawa-unp-main\new\vendor\laravel\framework\src\Illuminate\Foundation\Testing\Concerns\InteractsWithTestCaseLifecycle.php:92
D:\App_Project\Website_Ormawa\3\ormawa-unp-main\ormawa-unp-main\new\vendor\laravel\framework\src\Illuminate\Foundation\Testing\TestCase.php:44
D:\App_Project\Website_Ormawa\3\ormawa-unp-main\ormawa-unp-main\new\tests\TestCase.php:17</error>
    </testcase>
    <testcase name="test_public_routes_load_successfully" file="D:\App_Project\Website_Ormawa\3\ormawa-unp-main\ormawa-unp-main\new\tests\Feature\PortalRoutesTest.php" line="13" class="Tests\Feature\PortalRoutesTest" classname="Tests.Feature.PortalRoutesTest" assertions="0" time="0.000000">
      <error type="Illuminate\Contracts\Container\BindingResolutionException">Tests\Feature\PortalRoutesTest::test_public_routes_load_successfully&#13;
Illuminate\Contracts\Container\BindingResolutionException: Target class [Tests\Illuminate\Contracts\Console\Kernel] does not exist.
&#13;
D:\App_Project\Website_Ormawa\3\ormawa-unp-main\ormawa-unp-main\new\vendor\laravel\framework\src\Illuminate\Container\Container.php:961
D:\App_Project\Website_Ormawa\3\ormawa-unp-main\ormawa-unp-main\new\vendor\laravel\framework\src\Illuminate\Container\Container.php:832
D:\App_Project\Website_Ormawa\3\ormawa-unp-main\ormawa-unp-main\new\vendor\laravel\framework\src\Illuminate\Foundation\Application.php:1078
D:\App_Project\Website_Ormawa\3\ormawa-unp-main\ormawa-unp-main\new\vendor\laravel\framework\src\Illuminate\Container\Container.php:763
D:\App_Project\Website_Ormawa\3\ormawa-unp-main\ormawa-unp-main\new\vendor\laravel\framework\src\Illuminate\Foundation\Application.php:1058
D:\App_Project\Website_Ormawa\3\ormawa-unp-main\ormawa-unp-main\new\tests\TestCase.php:35
D:\App_Project\Website_Ormawa\3\ormawa-unp-main\ormawa-unp-main\new\vendor\laravel\framework\src\Illuminate\Foundation\Testing\TestCase.php:54
D:\App_Project\Website_Ormawa\3\ormawa-unp-main\ormawa-unp-main\new\vendor\laravel\framework\src\Illuminate\Foundation\Testing\Concerns\InteractsWithTestCaseLifecycle.php:92
D:\App_Project\Website_Ormawa\3\ormawa-unp-main\ormawa-unp-main\new\vendor\laravel\framework\src\Illuminate\Foundation\Testing\TestCase.php:44
D:\App_Project\Website_Ormawa\3\ormawa-unp-main\ormawa-unp-main\new\tests\TestCase.php:17</error>
    </testcase>
    <testcase name="test_navigation_elements_present" file="D:\App_Project\Website_Ormawa\3\ormawa-unp-main\ormawa-unp-main\new\tests\Feature\PortalRoutesTest.php" line="71" class="Tests\Feature\PortalRoutesTest" classname="Tests.Feature.PortalRoutesTest" assertions="0" time="0.000000">
      <error type="Illuminate\Contracts\Container\BindingResolutionException">Tests\Feature\PortalRoutesTest::test_navigation_elements_present&#13;
Illuminate\Contracts\Container\BindingResolutionException: Target class [Tests\Illuminate\Contracts\Console\Kernel] does not exist.
&#13;
D:\App_Project\Website_Ormawa\3\ormawa-unp-main\ormawa-unp-main\new\vendor\laravel\framework\src\Illuminate\Container\Container.php:961
D:\App_Project\Website_Ormawa\3\ormawa-unp-main\ormawa-unp-main\new\vendor\laravel\framework\src\Illuminate\Container\Container.php:832
D:\App_Project\Website_Ormawa\3\ormawa-unp-main\ormawa-unp-main\new\vendor\laravel\framework\src\Illuminate\Foundation\Application.php:1078
D:\App_Project\Website_Ormawa\3\ormawa-unp-main\ormawa-unp-main\new\vendor\laravel\framework\src\Illuminate\Container\Container.php:763
D:\App_Project\Website_Ormawa\3\ormawa-unp-main\ormawa-unp-main\new\vendor\laravel\framework\src\Illuminate\Foundation\Application.php:1058
D:\App_Project\Website_Ormawa\3\ormawa-unp-main\ormawa-unp-main\new\tests\TestCase.php:35
D:\App_Project\Website_Ormawa\3\ormawa-unp-main\ormawa-unp-main\new\vendor\laravel\framework\src\Illuminate\Foundation\Testing\TestCase.php:54
D:\App_Project\Website_Ormawa\3\ormawa-unp-main\ormawa-unp-main\new\vendor\laravel\framework\src\Illuminate\Foundation\Testing\Concerns\InteractsWithTestCaseLifecycle.php:92
D:\App_Project\Website_Ormawa\3\ormawa-unp-main\ormawa-unp-main\new\vendor\laravel\framework\src\Illuminate\Foundation\Testing\TestCase.php:44
D:\App_Project\Website_Ormawa\3\ormawa-unp-main\ormawa-unp-main\new\tests\TestCase.php:17</error>
    </testcase>
    <testcase name="test_protected_routes_require_authentication" file="D:\App_Project\Website_Ormawa\3\ormawa-unp-main\ormawa-unp-main\new\tests\Feature\PortalRoutesTest.php" line="47" class="Tests\Feature\PortalRoutesTest" classname="Tests.Feature.PortalRoutesTest" assertions="0" time="0.000000">
      <error type="Illuminate\Contracts\Container\BindingResolutionException">Tests\Feature\PortalRoutesTest::test_protected_routes_require_authentication&#13;
Illuminate\Contracts\Container\BindingResolutionException: Target class [Tests\Illuminate\Contracts\Console\Kernel] does not exist.
&#13;
D:\App_Project\Website_Ormawa\3\ormawa-unp-main\ormawa-unp-main\new\vendor\laravel\framework\src\Illuminate\Container\Container.php:961
D:\App_Project\Website_Ormawa\3\ormawa-unp-main\ormawa-unp-main\new\vendor\laravel\framework\src\Illuminate\Container\Container.php:832
D:\App_Project\Website_Ormawa\3\ormawa-unp-main\ormawa-unp-main\new\vendor\laravel\framework\src\Illuminate\Foundation\Application.php:1078
D:\App_Project\Website_Ormawa\3\ormawa-unp-main\ormawa-unp-main\new\vendor\laravel\framework\src\Illuminate\Container\Container.php:763
D:\App_Project\Website_Ormawa\3\ormawa-unp-main\ormawa-unp-main\new\vendor\laravel\framework\src\Illuminate\Foundation\Application.php:1058
D:\App_Project\Website_Ormawa\3\ormawa-unp-main\ormawa-unp-main\new\tests\TestCase.php:35
D:\App_Project\Website_Ormawa\3\ormawa-unp-main\ormawa-unp-main\new\vendor\laravel\framework\src\Illuminate\Foundation\Testing\TestCase.php:54
D:\App_Project\Website_Ormawa\3\ormawa-unp-main\ormawa-unp-main\new\vendor\laravel\framework\src\Illuminate\Foundation\Testing\Concerns\InteractsWithTestCaseLifecycle.php:92
D:\App_Project\Website_Ormawa\3\ormawa-unp-main\ormawa-unp-main\new\vendor\laravel\framework\src\Illuminate\Foundation\Testing\TestCase.php:44
D:\App_Project\Website_Ormawa\3\ormawa-unp-main\ormawa-unp-main\new\tests\TestCase.php:17</error>
    </testcase>
  </testsuite>
</testsuites>
